<?xml version="1.0" encoding="UTF-8"?>
<testsuite name="LeapYearsTest" tests="4" skipped="0" failures="0" errors="0" timestamp="2017-03-16T15:32:28" hostname="Epicodus-5D.local" time="0.002">
  <properties/>
  <testcase name="isLeapYear_forMultiplesOfFourHundred_true" classname="LeapYearsTest" time="0.001"/>
  <testcase name="isLeapYear_forNumberDivisibleByFour_true" classname="LeapYearsTest" time="0.0"/>
  <testcase name="isLeapYear_forNumbersNotDivisibleByFour_false" classname="LeapYearsTest" time="0.0"/>
  <testcase name="isLeapYear_forNumbersDivisibleByOneHundred_false" classname="LeapYearsTest" time="0.0"/>
  <system-out><![CDATA[]]></system-out>
  <system-err><![CDATA[]]></system-err>
</testsuite>
